mode: set
github.com/anoobz/dualread/auth/internal/model/authtoken.go:17.53,30.16 11 1
github.com/anoobz/dualread/auth/internal/model/authtoken.go:34.2,40.16 2 1
github.com/anoobz/dualread/auth/internal/model/authtoken.go:30.16,32.3 1 0
github.com/anoobz/dualread/auth/internal/model/authtoken.go:43.54,56.16 10 1
github.com/anoobz/dualread/auth/internal/model/authtoken.go:60.2,66.16 2 1
github.com/anoobz/dualread/auth/internal/model/authtoken.go:56.16,58.3 1 0
github.com/anoobz/dualread/auth/internal/model/user.go:23.87,36.37 2 1
github.com/anoobz/dualread/auth/internal/model/user.go:40.2,40.15 1 1
github.com/anoobz/dualread/auth/internal/model/user.go:36.37,38.3 1 1
github.com/anoobz/dualread/auth/internal/model/user.go:43.33,44.45 1 1
github.com/anoobz/dualread/auth/internal/model/user.go:47.2,47.39 1 1
github.com/anoobz/dualread/auth/internal/model/user.go:51.2,51.12 1 1
github.com/anoobz/dualread/auth/internal/model/user.go:44.45,46.3 1 1
github.com/anoobz/dualread/auth/internal/model/user.go:47.39,49.3 1 1
github.com/anoobz/dualread/auth/internal/model/user.go:54.41,55.22 1 1
github.com/anoobz/dualread/auth/internal/model/user.go:58.2,58.12 1 1
github.com/anoobz/dualread/auth/internal/model/user.go:55.22,57.3 1 1
github.com/anoobz/dualread/auth/internal/model/user.go:61.35,63.16 2 1
github.com/anoobz/dualread/auth/internal/model/user.go:66.2,66.12 1 1
github.com/anoobz/dualread/auth/internal/model/user.go:63.16,65.3 1 1
github.com/anoobz/dualread/auth/internal/store/mockstore/authtoken.go:18.9,26.2 3 1
github.com/anoobz/dualread/auth/internal/store/mockstore/authtoken.go:28.66,30.2 1 1
github.com/anoobz/dualread/auth/internal/store/mockstore/authtoken.go:32.74,33.33 1 1
github.com/anoobz/dualread/auth/internal/store/mockstore/authtoken.go:39.2,39.54 1 0
github.com/anoobz/dualread/auth/internal/store/mockstore/authtoken.go:33.33,34.19 1 1
github.com/anoobz/dualread/auth/internal/store/mockstore/authtoken.go:34.19,36.4 1 1
github.com/anoobz/dualread/auth/internal/store/mockstore/authtoken.go:42.78,43.53 1 1
github.com/anoobz/dualread/auth/internal/store/mockstore/authtoken.go:47.2,48.71 2 1
github.com/anoobz/dualread/auth/internal/store/mockstore/authtoken.go:55.2,55.20 1 1
github.com/anoobz/dualread/auth/internal/store/mockstore/authtoken.go:43.53,45.3 1 1
github.com/anoobz/dualread/auth/internal/store/mockstore/authtoken.go:48.71,49.37 1 1
github.com/anoobz/dualread/auth/internal/store/mockstore/authtoken.go:52.3,52.43 1 1
github.com/anoobz/dualread/auth/internal/store/mockstore/authtoken.go:49.37,50.9 1 1
github.com/anoobz/dualread/auth/internal/store/mockstore/authtoken.go:58.53,59.33 1 1
github.com/anoobz/dualread/auth/internal/store/mockstore/authtoken.go:66.2,66.23 1 0
github.com/anoobz/dualread/auth/internal/store/mockstore/authtoken.go:59.33,60.19 1 1
github.com/anoobz/dualread/auth/internal/store/mockstore/authtoken.go:60.19,63.4 2 1
github.com/anoobz/dualread/auth/internal/store/mockstore/store.go:10.32,15.2 1 1
github.com/anoobz/dualread/auth/internal/store/mockstore/store.go:17.43,19.2 1 1
github.com/anoobz/dualread/auth/internal/store/mockstore/store.go:21.53,23.2 1 1
github.com/anoobz/dualread/auth/internal/store/mockstore/testing.go:7.47,11.2 2 1
github.com/anoobz/dualread/auth/internal/store/mockstore/user.go:16.63,17.28 1 1
github.com/anoobz/dualread/auth/internal/store/mockstore/user.go:23.2,23.54 1 1
github.com/anoobz/dualread/auth/internal/store/mockstore/user.go:17.28,18.17 1 1
github.com/anoobz/dualread/auth/internal/store/mockstore/user.go:18.17,20.4 1 1
github.com/anoobz/dualread/auth/internal/store/mockstore/user.go:26.70,27.17 1 1
github.com/anoobz/dualread/auth/internal/store/mockstore/user.go:31.2,32.16 2 1
github.com/anoobz/dualread/auth/internal/store/mockstore/user.go:36.2,36.28 1 1
github.com/anoobz/dualread/auth/internal/store/mockstore/user.go:42.2,42.54 1 0
github.com/anoobz/dualread/auth/internal/store/mockstore/user.go:27.17,29.3 1 1
github.com/anoobz/dualread/auth/internal/store/mockstore/user.go:32.16,34.3 1 1
github.com/anoobz/dualread/auth/internal/store/mockstore/user.go:36.28,37.23 1 1
github.com/anoobz/dualread/auth/internal/store/mockstore/user.go:37.23,39.4 1 1
github.com/anoobz/dualread/auth/internal/store/mockstore/user.go:45.56,47.2 1 1
github.com/anoobz/dualread/auth/internal/store/mockstore/user.go:49.68,50.48 1 1
github.com/anoobz/dualread/auth/internal/store/mockstore/user.go:54.2,55.71 2 1
github.com/anoobz/dualread/auth/internal/store/mockstore/user.go:62.2,62.19 1 1
github.com/anoobz/dualread/auth/internal/store/mockstore/user.go:50.48,52.3 1 1
github.com/anoobz/dualread/auth/internal/store/mockstore/user.go:55.71,56.32 1 1
github.com/anoobz/dualread/auth/internal/store/mockstore/user.go:59.3,59.36 1 1
github.com/anoobz/dualread/auth/internal/store/mockstore/user.go:56.32,57.9 1 1
github.com/anoobz/dualread/auth/internal/store/mockstore/user.go:70.24,72.16 2 1
github.com/anoobz/dualread/auth/internal/store/mockstore/user.go:76.2,79.15 3 1
github.com/anoobz/dualread/auth/internal/store/mockstore/user.go:72.16,74.3 1 1
github.com/anoobz/dualread/auth/internal/store/mockstore/user.go:82.79,83.28 1 1
github.com/anoobz/dualread/auth/internal/store/mockstore/user.go:113.2,113.37 1 1
github.com/anoobz/dualread/auth/internal/store/mockstore/user.go:83.28,84.17 1 1
github.com/anoobz/dualread/auth/internal/store/mockstore/user.go:84.17,86.36 2 1
github.com/anoobz/dualread/auth/internal/store/mockstore/user.go:109.4,109.14 1 1
github.com/anoobz/dualread/auth/internal/store/mockstore/user.go:86.36,87.16 1 1
github.com/anoobz/dualread/auth/internal/store/mockstore/user.go:88.18,90.20 2 1
github.com/anoobz/dualread/auth/internal/store/mockstore/user.go:93.6,93.40 1 1
github.com/anoobz/dualread/auth/internal/store/mockstore/user.go:94.21,95.21 1 1
github.com/anoobz/dualread/auth/internal/store/mockstore/user.go:98.6,98.43 1 1
github.com/anoobz/dualread/auth/internal/store/mockstore/user.go:99.19,100.39 1 1
github.com/anoobz/dualread/auth/internal/store/mockstore/user.go:101.27,102.46 1 1
github.com/anoobz/dualread/auth/internal/store/mockstore/user.go:103.29,104.48 1 1
github.com/anoobz/dualread/auth/internal/store/mockstore/user.go:105.18,106.38 1 1
github.com/anoobz/dualread/auth/internal/store/mockstore/user.go:90.20,92.7 1 1
github.com/anoobz/dualread/auth/internal/store/mockstore/user.go:95.21,97.7 1 1
github.com/anoobz/dualread/auth/internal/store/mockstore/user.go:116.47,117.28 1 1
github.com/anoobz/dualread/auth/internal/store/mockstore/user.go:124.2,124.23 1 0
github.com/anoobz/dualread/auth/internal/store/mockstore/user.go:117.28,118.17 1 1
github.com/anoobz/dualread/auth/internal/store/mockstore/user.go:118.17,121.4 2 1
github.com/anoobz/dualread/auth/internal/httpserver/usersroutes.go:12.45,13.54 1 1
github.com/anoobz/dualread/auth/internal/httpserver/usersroutes.go:13.54,15.17 2 1
github.com/anoobz/dualread/auth/internal/httpserver/usersroutes.go:19.3,20.17 2 1
github.com/anoobz/dualread/auth/internal/httpserver/usersroutes.go:25.3,25.36 1 1
github.com/anoobz/dualread/auth/internal/httpserver/usersroutes.go:15.17,18.4 2 0
github.com/anoobz/dualread/auth/internal/httpserver/usersroutes.go:20.17,23.4 2 1
github.com/anoobz/dualread/auth/internal/httpserver/usersroutes.go:29.49,30.54 1 1
github.com/anoobz/dualread/auth/internal/httpserver/usersroutes.go:30.54,32.17 2 1
github.com/anoobz/dualread/auth/internal/httpserver/usersroutes.go:36.3,37.17 2 1
github.com/anoobz/dualread/auth/internal/httpserver/usersroutes.go:42.3,42.40 1 1
github.com/anoobz/dualread/auth/internal/httpserver/usersroutes.go:32.17,35.4 2 0
github.com/anoobz/dualread/auth/internal/httpserver/usersroutes.go:37.17,40.4 2 1
github.com/anoobz/dualread/auth/internal/httpserver/usersroutes.go:46.49,47.54 1 1
github.com/anoobz/dualread/auth/internal/httpserver/usersroutes.go:47.54,49.17 2 1
github.com/anoobz/dualread/auth/internal/httpserver/usersroutes.go:54.3,54.40 1 1
github.com/anoobz/dualread/auth/internal/httpserver/usersroutes.go:49.17,52.4 2 0
github.com/anoobz/dualread/auth/internal/httpserver/usersroutes.go:58.48,64.54 2 1
github.com/anoobz/dualread/auth/internal/httpserver/usersroutes.go:64.54,66.60 2 1
github.com/anoobz/dualread/auth/internal/httpserver/usersroutes.go:71.3,72.17 2 1
github.com/anoobz/dualread/auth/internal/httpserver/usersroutes.go:77.3,77.41 1 1
github.com/anoobz/dualread/auth/internal/httpserver/usersroutes.go:66.60,69.4 2 0
github.com/anoobz/dualread/auth/internal/httpserver/usersroutes.go:72.17,75.4 2 1
github.com/anoobz/dualread/auth/internal/httpserver/usersroutes.go:81.48,82.54 1 1
github.com/anoobz/dualread/auth/internal/httpserver/usersroutes.go:82.54,84.17 2 1
github.com/anoobz/dualread/auth/internal/httpserver/usersroutes.go:89.3,90.66 2 1
github.com/anoobz/dualread/auth/internal/httpserver/usersroutes.go:95.3,96.17 2 1
github.com/anoobz/dualread/auth/internal/httpserver/usersroutes.go:100.3,100.38 1 1
github.com/anoobz/dualread/auth/internal/httpserver/usersroutes.go:84.17,87.4 2 0
github.com/anoobz/dualread/auth/internal/httpserver/usersroutes.go:90.66,93.4 2 0
github.com/anoobz/dualread/auth/internal/httpserver/usersroutes.go:96.17,99.4 2 1
github.com/anoobz/dualread/auth/internal/httpserver/usersroutes.go:104.48,105.54 1 1
github.com/anoobz/dualread/auth/internal/httpserver/usersroutes.go:105.54,107.17 2 1
github.com/anoobz/dualread/auth/internal/httpserver/usersroutes.go:112.3,113.17 2 1
github.com/anoobz/dualread/auth/internal/httpserver/usersroutes.go:118.3,118.38 1 1
github.com/anoobz/dualread/auth/internal/httpserver/usersroutes.go:107.17,110.4 2 0
github.com/anoobz/dualread/auth/internal/httpserver/usersroutes.go:113.17,116.4 2 0
github.com/anoobz/dualread/auth/internal/httpserver/authtokenroutes.go:10.50,11.54 1 1
github.com/anoobz/dualread/auth/internal/httpserver/authtokenroutes.go:11.54,14.17 3 1
github.com/anoobz/dualread/auth/internal/httpserver/authtokenroutes.go:19.3,19.36 1 1
github.com/anoobz/dualread/auth/internal/httpserver/authtokenroutes.go:14.17,17.4 2 1
github.com/anoobz/dualread/auth/internal/httpserver/authtokenroutes.go:23.54,24.54 1 1
github.com/anoobz/dualread/auth/internal/httpserver/authtokenroutes.go:24.54,26.17 2 1
github.com/anoobz/dualread/auth/internal/httpserver/authtokenroutes.go:30.3,31.17 2 1
github.com/anoobz/dualread/auth/internal/httpserver/authtokenroutes.go:36.3,36.36 1 1
github.com/anoobz/dualread/auth/internal/httpserver/authtokenroutes.go:26.17,29.4 2 0
github.com/anoobz/dualread/auth/internal/httpserver/authtokenroutes.go:31.17,34.4 2 1
github.com/anoobz/dualread/auth/internal/httpserver/authtokenroutes.go:40.54,41.54 1 1
github.com/anoobz/dualread/auth/internal/httpserver/authtokenroutes.go:41.54,43.17 2 1
github.com/anoobz/dualread/auth/internal/httpserver/authtokenroutes.go:48.3,48.36 1 1
github.com/anoobz/dualread/auth/internal/httpserver/authtokenroutes.go:43.17,46.4 2 0
github.com/anoobz/dualread/auth/internal/httpserver/authtokenroutes.go:52.53,53.54 1 1
github.com/anoobz/dualread/auth/internal/httpserver/authtokenroutes.go:53.54,57.17 3 1
github.com/anoobz/dualread/auth/internal/httpserver/authtokenroutes.go:62.3,62.38 1 1
github.com/anoobz/dualread/auth/internal/httpserver/authtokenroutes.go:57.17,60.4 2 0
github.com/anoobz/dualread/auth/internal/httpserver/baseroutes.go:16.46,21.54 2 1
github.com/anoobz/dualread/auth/internal/httpserver/baseroutes.go:21.54,23.62 2 1
github.com/anoobz/dualread/auth/internal/httpserver/baseroutes.go:28.3,28.25 1 1
github.com/anoobz/dualread/auth/internal/httpserver/baseroutes.go:38.3,39.17 2 1
github.com/anoobz/dualread/auth/internal/httpserver/baseroutes.go:43.3,47.17 2 1
github.com/anoobz/dualread/auth/internal/httpserver/baseroutes.go:51.3,56.17 2 1
github.com/anoobz/dualread/auth/internal/httpserver/baseroutes.go:61.3,61.44 1 1
github.com/anoobz/dualread/auth/internal/httpserver/baseroutes.go:23.62,26.4 2 0
github.com/anoobz/dualread/auth/internal/httpserver/baseroutes.go:28.25,36.4 2 1
github.com/anoobz/dualread/auth/internal/httpserver/baseroutes.go:39.17,42.4 2 0
github.com/anoobz/dualread/auth/internal/httpserver/baseroutes.go:47.17,50.4 2 0
github.com/anoobz/dualread/auth/internal/httpserver/baseroutes.go:56.17,59.4 2 1
github.com/anoobz/dualread/auth/internal/httpserver/baseroutes.go:65.43,70.54 2 1
github.com/anoobz/dualread/auth/internal/httpserver/baseroutes.go:70.54,72.66 2 1
github.com/anoobz/dualread/auth/internal/httpserver/baseroutes.go:77.3,78.17 2 1
github.com/anoobz/dualread/auth/internal/httpserver/baseroutes.go:83.3,85.17 1 1
github.com/anoobz/dualread/auth/internal/httpserver/baseroutes.go:90.3,91.17 2 1
github.com/anoobz/dualread/auth/internal/httpserver/baseroutes.go:95.3,96.17 2 1
github.com/anoobz/dualread/auth/internal/httpserver/baseroutes.go:101.3,102.17 2 1
github.com/anoobz/dualread/auth/internal/httpserver/baseroutes.go:107.3,114.37 2 1
github.com/anoobz/dualread/auth/internal/httpserver/baseroutes.go:72.66,75.4 2 0
github.com/anoobz/dualread/auth/internal/httpserver/baseroutes.go:78.17,81.4 2 1
github.com/anoobz/dualread/auth/internal/httpserver/baseroutes.go:85.17,88.4 2 1
github.com/anoobz/dualread/auth/internal/httpserver/baseroutes.go:91.17,94.4 2 0
github.com/anoobz/dualread/auth/internal/httpserver/baseroutes.go:96.17,99.4 2 0
github.com/anoobz/dualread/auth/internal/httpserver/baseroutes.go:102.17,105.4 2 0
github.com/anoobz/dualread/auth/internal/httpserver/baseroutes.go:118.56,119.54 1 1
github.com/anoobz/dualread/auth/internal/httpserver/baseroutes.go:119.54,121.17 2 1
github.com/anoobz/dualread/auth/internal/httpserver/baseroutes.go:125.3,126.17 2 1
github.com/anoobz/dualread/auth/internal/httpserver/baseroutes.go:131.3,133.17 3 1
github.com/anoobz/dualread/auth/internal/httpserver/baseroutes.go:137.3,138.17 2 1
github.com/anoobz/dualread/auth/internal/httpserver/baseroutes.go:142.3,143.17 2 1
github.com/anoobz/dualread/auth/internal/httpserver/baseroutes.go:148.3,149.17 2 1
github.com/anoobz/dualread/auth/internal/httpserver/baseroutes.go:154.3,154.46 1 1
github.com/anoobz/dualread/auth/internal/httpserver/baseroutes.go:121.17,124.4 2 0
github.com/anoobz/dualread/auth/internal/httpserver/baseroutes.go:126.17,129.4 2 0
github.com/anoobz/dualread/auth/internal/httpserver/baseroutes.go:133.17,136.4 2 1
github.com/anoobz/dualread/auth/internal/httpserver/baseroutes.go:138.17,141.4 2 0
github.com/anoobz/dualread/auth/internal/httpserver/baseroutes.go:143.17,146.4 2 1
github.com/anoobz/dualread/auth/internal/httpserver/baseroutes.go:149.17,152.4 2 0
github.com/anoobz/dualread/auth/internal/httpserver/responsewriter.go:10.54,13.2 2 1
github.com/anoobz/dualread/auth/internal/httpserver/server.go:28.73,45.2 6 1
github.com/anoobz/dualread/auth/internal/httpserver/server.go:47.32,50.2 2 0
github.com/anoobz/dualread/auth/internal/httpserver/server.go:52.35,74.2 13 1
github.com/anoobz/dualread/auth/internal/httpserver/server.go:76.38,83.2 4 1
github.com/anoobz/dualread/auth/internal/httpserver/server.go:85.85,89.2 1 1
github.com/anoobz/dualread/auth/internal/httpserver/server.go:94.3,97.17 3 1
github.com/anoobz/dualread/auth/internal/httpserver/server.go:97.17,99.3 1 1
github.com/anoobz/dualread/auth/internal/httpserver/server.go:102.61,103.71 1 1
github.com/anoobz/dualread/auth/internal/httpserver/server.go:103.71,115.3 5 1
github.com/anoobz/dualread/auth/internal/httpserver/server.go:118.68,120.2 1 1
github.com/anoobz/dualread/auth/internal/httpserver/testing.go:23.46,27.2 2 1
github.com/anoobz/dualread/auth/internal/httpserver/testing.go:29.42,36.16 5 1
github.com/anoobz/dualread/auth/internal/httpserver/testing.go:40.2,40.39 1 1
github.com/anoobz/dualread/auth/internal/httpserver/testing.go:36.16,38.3 1 0
github.com/anoobz/dualread/auth/internal/httpserver/testing.go:43.84,47.2 2 1
github.com/anoobz/dualread/auth/internal/httpserver/testing.go:49.96,53.2 2 1
github.com/anoobz/dualread/auth/internal/httpserver/testing.go:60.17,66.16 4 1
github.com/anoobz/dualread/auth/internal/httpserver/testing.go:70.2,70.12 1 1
github.com/anoobz/dualread/auth/internal/httpserver/testing.go:66.16,68.3 1 0
github.com/anoobz/dualread/auth/internal/httpserver/testing.go:73.80,78.47 2 1
github.com/anoobz/dualread/auth/internal/httpserver/testing.go:88.2,88.16 1 1
github.com/anoobz/dualread/auth/internal/httpserver/testing.go:92.2,92.21 1 1
github.com/anoobz/dualread/auth/internal/httpserver/testing.go:96.2,97.9 2 1
github.com/anoobz/dualread/auth/internal/httpserver/testing.go:101.2,102.16 2 1
github.com/anoobz/dualread/auth/internal/httpserver/testing.go:106.2,106.32 1 1
github.com/anoobz/dualread/auth/internal/httpserver/testing.go:78.47,79.59 1 1
github.com/anoobz/dualread/auth/internal/httpserver/testing.go:85.4,85.55 1 1
github.com/anoobz/dualread/auth/internal/httpserver/testing.go:79.59,84.5 1 0
github.com/anoobz/dualread/auth/internal/httpserver/testing.go:88.16,90.3 1 0
github.com/anoobz/dualread/auth/internal/httpserver/testing.go:92.21,94.3 1 0
github.com/anoobz/dualread/auth/internal/httpserver/testing.go:97.9,99.3 1 0
github.com/anoobz/dualread/auth/internal/httpserver/testing.go:102.16,104.3 1 0
github.com/anoobz/dualread/auth/internal/httpserver/testing.go:109.76,114.47 2 1
github.com/anoobz/dualread/auth/internal/httpserver/testing.go:124.2,124.16 1 1
github.com/anoobz/dualread/auth/internal/httpserver/testing.go:128.2,128.21 1 1
github.com/anoobz/dualread/auth/internal/httpserver/testing.go:132.2,133.9 2 1
github.com/anoobz/dualread/auth/internal/httpserver/testing.go:137.2,140.16 3 1
github.com/anoobz/dualread/auth/internal/httpserver/testing.go:114.47,115.59 1 1
github.com/anoobz/dualread/auth/internal/httpserver/testing.go:121.4,121.55 1 1
github.com/anoobz/dualread/auth/internal/httpserver/testing.go:115.59,120.5 1 0
github.com/anoobz/dualread/auth/internal/httpserver/testing.go:124.16,126.3 1 0
github.com/anoobz/dualread/auth/internal/httpserver/testing.go:128.21,130.3 1 0
github.com/anoobz/dualread/auth/internal/httpserver/testing.go:133.9,135.3 1 0
github.com/anoobz/dualread/auth/internal/httpserver/testing.go:140.16,142.3 1 0
github.com/anoobz/dualread/auth/internal/httpserver/testing.go:145.84,160.16 7 1
github.com/anoobz/dualread/auth/internal/httpserver/testing.go:164.2,164.24 1 1
github.com/anoobz/dualread/auth/internal/httpserver/testing.go:160.16,162.3 1 0
github.com/anoobz/dualread/auth/internal/httpserver/token.go:16.70,17.71 1 1
github.com/anoobz/dualread/auth/internal/httpserver/token.go:17.71,19.27 2 1
github.com/anoobz/dualread/auth/internal/httpserver/token.go:28.3,30.48 1 1
github.com/anoobz/dualread/auth/internal/httpserver/token.go:40.3,40.17 1 1
github.com/anoobz/dualread/auth/internal/httpserver/token.go:45.3,45.19 1 1
github.com/anoobz/dualread/auth/internal/httpserver/token.go:50.3,51.30 2 1
github.com/anoobz/dualread/auth/internal/httpserver/token.go:56.3,57.40 2 1
github.com/anoobz/dualread/auth/internal/httpserver/token.go:19.27,27.4 2 0
github.com/anoobz/dualread/auth/internal/httpserver/token.go:30.48,31.60 1 1
github.com/anoobz/dualread/auth/internal/httpserver/token.go:37.5,37.55 1 1
github.com/anoobz/dualread/auth/internal/httpserver/token.go:31.60,36.6 1 0
github.com/anoobz/dualread/auth/internal/httpserver/token.go:40.17,43.4 2 1
github.com/anoobz/dualread/auth/internal/httpserver/token.go:45.19,48.4 2 0
github.com/anoobz/dualread/auth/internal/httpserver/token.go:51.30,54.4 2 1
github.com/anoobz/dualread/auth/internal/httpserver/token.go:61.71,62.83 1 1
github.com/anoobz/dualread/auth/internal/httpserver/token.go:68.2,68.16 1 1
github.com/anoobz/dualread/auth/internal/httpserver/token.go:72.2,72.18 1 1
github.com/anoobz/dualread/auth/internal/httpserver/token.go:76.2,78.20 2 1
github.com/anoobz/dualread/auth/internal/httpserver/token.go:62.83,63.58 1 1
github.com/anoobz/dualread/auth/internal/httpserver/token.go:66.3,66.54 1 1
github.com/anoobz/dualread/auth/internal/httpserver/token.go:63.58,65.4 1 0
github.com/anoobz/dualread/auth/internal/httpserver/token.go:68.16,70.3 1 0
github.com/anoobz/dualread/auth/internal/httpserver/token.go:72.18,74.3 1 0
github.com/anoobz/dualread/auth/internal/store/psqlstore/authtoken.go:20.21,25.2 1 1
github.com/anoobz/dualread/auth/internal/store/psqlstore/authtoken.go:31.9,37.16 2 1
github.com/anoobz/dualread/auth/internal/store/psqlstore/authtoken.go:41.2,41.12 1 1
github.com/anoobz/dualread/auth/internal/store/psqlstore/authtoken.go:37.16,39.3 1 0
github.com/anoobz/dualread/auth/internal/store/psqlstore/authtoken.go:44.65,46.16 2 1
github.com/anoobz/dualread/auth/internal/store/psqlstore/authtoken.go:49.2,52.18 3 1
github.com/anoobz/dualread/auth/internal/store/psqlstore/authtoken.go:60.2,60.20 1 1
github.com/anoobz/dualread/auth/internal/store/psqlstore/authtoken.go:46.16,48.3 1 0
github.com/anoobz/dualread/auth/internal/store/psqlstore/authtoken.go:52.18,54.17 2 1
github.com/anoobz/dualread/auth/internal/store/psqlstore/authtoken.go:57.3,57.29 1 1
github.com/anoobz/dualread/auth/internal/store/psqlstore/authtoken.go:54.17,56.4 1 0
github.com/anoobz/dualread/auth/internal/store/psqlstore/authtoken.go:63.77,69.16 2 1
github.com/anoobz/dualread/auth/internal/store/psqlstore/authtoken.go:72.2,75.18 3 1
github.com/anoobz/dualread/auth/internal/store/psqlstore/authtoken.go:83.2,83.22 1 1
github.com/anoobz/dualread/auth/internal/store/psqlstore/authtoken.go:87.2,87.20 1 1
github.com/anoobz/dualread/auth/internal/store/psqlstore/authtoken.go:69.16,71.3 1 0
github.com/anoobz/dualread/auth/internal/store/psqlstore/authtoken.go:75.18,77.17 2 1
github.com/anoobz/dualread/auth/internal/store/psqlstore/authtoken.go:80.3,80.29 1 1
github.com/anoobz/dualread/auth/internal/store/psqlstore/authtoken.go:77.17,79.4 1 0
github.com/anoobz/dualread/auth/internal/store/psqlstore/authtoken.go:83.22,85.3 1 1
github.com/anoobz/dualread/auth/internal/store/psqlstore/authtoken.go:90.73,93.16 3 1
github.com/anoobz/dualread/auth/internal/store/psqlstore/authtoken.go:97.2,97.15 1 1
github.com/anoobz/dualread/auth/internal/store/psqlstore/authtoken.go:93.16,95.3 1 0
github.com/anoobz/dualread/auth/internal/store/psqlstore/authtoken.go:100.52,102.16 2 1
github.com/anoobz/dualread/auth/internal/store/psqlstore/authtoken.go:106.2,106.12 1 1
github.com/anoobz/dualread/auth/internal/store/psqlstore/authtoken.go:102.16,104.3 1 0
github.com/anoobz/dualread/auth/internal/store/psqlstore/authtoken.go:109.60,111.70 2 1
github.com/anoobz/dualread/auth/internal/store/psqlstore/authtoken.go:115.2,115.15 1 1
github.com/anoobz/dualread/auth/internal/store/psqlstore/authtoken.go:111.70,113.3 1 0
github.com/anoobz/dualread/auth/internal/store/psqlstore/store.go:18.13,23.2 1 1
github.com/anoobz/dualread/auth/internal/store/psqlstore/store.go:25.42,27.2 1 1
github.com/anoobz/dualread/auth/internal/store/psqlstore/store.go:29.52,31.2 1 1
github.com/anoobz/dualread/auth/internal/store/psqlstore/testing.go:14.65,28.16 4 1
github.com/anoobz/dualread/auth/internal/store/psqlstore/testing.go:32.2,36.39 3 1
github.com/anoobz/dualread/auth/internal/store/psqlstore/testing.go:28.16,30.3 1 0
github.com/anoobz/dualread/auth/internal/store/psqlstore/testing.go:36.39,37.22 1 1
github.com/anoobz/dualread/auth/internal/store/psqlstore/testing.go:43.3,43.13 1 1
github.com/anoobz/dualread/auth/internal/store/psqlstore/testing.go:37.22,38.101 1 1
github.com/anoobz/dualread/auth/internal/store/psqlstore/testing.go:38.101,40.5 1 0
github.com/anoobz/dualread/auth/internal/store/psqlstore/user.go:19.82,24.2 1 1
github.com/anoobz/dualread/auth/internal/store/psqlstore/user.go:26.62,31.16 3 1
github.com/anoobz/dualread/auth/internal/store/psqlstore/user.go:35.2,35.15 1 1
github.com/anoobz/dualread/auth/internal/store/psqlstore/user.go:31.16,33.3 1 1
github.com/anoobz/dualread/auth/internal/store/psqlstore/user.go:38.55,40.16 2 1
github.com/anoobz/dualread/auth/internal/store/psqlstore/user.go:43.2,46.18 3 1
github.com/anoobz/dualread/auth/internal/store/psqlstore/user.go:54.2,54.19 1 1
github.com/anoobz/dualread/auth/internal/store/psqlstore/user.go:40.16,42.3 1 0
github.com/anoobz/dualread/auth/internal/store/psqlstore/user.go:46.18,48.17 2 1
github.com/anoobz/dualread/auth/internal/store/psqlstore/user.go:51.3,51.27 1 1
github.com/anoobz/dualread/auth/internal/store/psqlstore/user.go:48.17,50.4 1 0
github.com/anoobz/dualread/auth/internal/store/psqlstore/user.go:57.69,59.16 2 1
github.com/anoobz/dualread/auth/internal/store/psqlstore/user.go:63.2,67.16 3 1
github.com/anoobz/dualread/auth/internal/store/psqlstore/user.go:71.2,71.15 1 1
github.com/anoobz/dualread/auth/internal/store/psqlstore/user.go:59.16,61.3 1 1
github.com/anoobz/dualread/auth/internal/store/psqlstore/user.go:67.16,69.3 1 0
github.com/anoobz/dualread/auth/internal/store/psqlstore/user.go:74.67,80.16 2 1
github.com/anoobz/dualread/auth/internal/store/psqlstore/user.go:83.2,86.18 3 1
github.com/anoobz/dualread/auth/internal/store/psqlstore/user.go:94.2,94.21 1 1
github.com/anoobz/dualread/auth/internal/store/psqlstore/user.go:98.2,98.19 1 1
github.com/anoobz/dualread/auth/internal/store/psqlstore/user.go:80.16,82.3 1 0
github.com/anoobz/dualread/auth/internal/store/psqlstore/user.go:86.18,88.17 2 1
github.com/anoobz/dualread/auth/internal/store/psqlstore/user.go:91.3,91.27 1 1
github.com/anoobz/dualread/auth/internal/store/psqlstore/user.go:88.17,90.4 1 0
github.com/anoobz/dualread/auth/internal/store/psqlstore/user.go:94.21,96.3 1 1
github.com/anoobz/dualread/auth/internal/store/psqlstore/user.go:106.24,108.16 2 1
github.com/anoobz/dualread/auth/internal/store/psqlstore/user.go:112.2,133.27 1 1
github.com/anoobz/dualread/auth/internal/store/psqlstore/user.go:137.2,137.15 1 1
github.com/anoobz/dualread/auth/internal/store/psqlstore/user.go:108.16,110.3 1 1
github.com/anoobz/dualread/auth/internal/store/psqlstore/user.go:133.27,135.3 1 0
github.com/anoobz/dualread/auth/internal/store/psqlstore/user.go:140.78,142.8 2 1
github.com/anoobz/dualread/auth/internal/store/psqlstore/user.go:148.2,149.8 2 1
github.com/anoobz/dualread/auth/internal/store/psqlstore/user.go:155.2,159.16 2 1
github.com/anoobz/dualread/auth/internal/store/psqlstore/user.go:163.2,164.16 2 1
github.com/anoobz/dualread/auth/internal/store/psqlstore/user.go:167.2,167.26 1 1
github.com/anoobz/dualread/auth/internal/store/psqlstore/user.go:170.2,170.12 1 1
github.com/anoobz/dualread/auth/internal/store/psqlstore/user.go:142.8,144.17 2 1
github.com/anoobz/dualread/auth/internal/store/psqlstore/user.go:144.17,146.4 1 1
github.com/anoobz/dualread/auth/internal/store/psqlstore/user.go:149.8,150.21 1 1
github.com/anoobz/dualread/auth/internal/store/psqlstore/user.go:150.21,152.4 1 1
github.com/anoobz/dualread/auth/internal/store/psqlstore/user.go:159.16,161.3 1 0
github.com/anoobz/dualread/auth/internal/store/psqlstore/user.go:164.16,166.3 1 0
github.com/anoobz/dualread/auth/internal/store/psqlstore/user.go:167.26,169.3 1 1
github.com/anoobz/dualread/auth/internal/store/psqlstore/user.go:173.46,175.16 2 1
github.com/anoobz/dualread/auth/internal/store/psqlstore/user.go:179.2,179.12 1 1
github.com/anoobz/dualread/auth/internal/store/psqlstore/user.go:175.16,177.3 1 0
github.com/anoobz/dualread/auth/internal/store/psqlstore/user.go:182.54,198.16 5 1
github.com/anoobz/dualread/auth/internal/store/psqlstore/user.go:202.2,206.15 4 1
github.com/anoobz/dualread/auth/internal/store/psqlstore/user.go:198.16,200.3 1 1
