mode: set
github.com/anoobz/dualread/auth/internal/model/authtoken.go:17.53,30.16 11 1
github.com/anoobz/dualread/auth/internal/model/authtoken.go:34.2,40.16 2 1
github.com/anoobz/dualread/auth/internal/model/authtoken.go:30.16,32.3 1 0
github.com/anoobz/dualread/auth/internal/model/authtoken.go:43.54,56.16 10 1
github.com/anoobz/dualread/auth/internal/model/authtoken.go:60.2,66.16 2 1
github.com/anoobz/dualread/auth/internal/model/authtoken.go:56.16,58.3 1 0
github.com/anoobz/dualread/auth/internal/model/user.go:23.87,36.37 2 1
github.com/anoobz/dualread/auth/internal/model/user.go:40.2,40.15 1 1
github.com/anoobz/dualread/auth/internal/model/user.go:36.37,38.3 1 1
github.com/anoobz/dualread/auth/internal/model/user.go:43.33,44.45 1 1
github.com/anoobz/dualread/auth/internal/model/user.go:47.2,47.39 1 1
github.com/anoobz/dualread/auth/internal/model/user.go:51.2,51.12 1 1
github.com/anoobz/dualread/auth/internal/model/user.go:44.45,46.3 1 1
github.com/anoobz/dualread/auth/internal/model/user.go:47.39,49.3 1 1
github.com/anoobz/dualread/auth/internal/model/user.go:54.41,55.22 1 1
github.com/anoobz/dualread/auth/internal/model/user.go:58.2,58.12 1 1
github.com/anoobz/dualread/auth/internal/model/user.go:55.22,57.3 1 1
github.com/anoobz/dualread/auth/internal/model/user.go:61.35,63.16 2 1
github.com/anoobz/dualread/auth/internal/model/user.go:66.2,66.12 1 1
github.com/anoobz/dualread/auth/internal/model/user.go:63.16,65.3 1 1
github.com/anoobz/dualread/auth/internal/store/mockstore/authtoken.go:18.9,26.2 3 1
github.com/anoobz/dualread/auth/internal/store/mockstore/authtoken.go:28.66,30.2 1 1
github.com/anoobz/dualread/auth/internal/store/mockstore/authtoken.go:32.74,33.33 1 1
github.com/anoobz/dualread/auth/internal/store/mockstore/authtoken.go:39.2,39.54 1 0
github.com/anoobz/dualread/auth/internal/store/mockstore/authtoken.go:33.33,34.19 1 1
github.com/anoobz/dualread/auth/internal/store/mockstore/authtoken.go:34.19,36.4 1 1
github.com/anoobz/dualread/auth/internal/store/mockstore/authtoken.go:42.78,43.53 1 1
github.com/anoobz/dualread/auth/internal/store/mockstore/authtoken.go:47.2,48.71 2 1
github.com/anoobz/dualread/auth/internal/store/mockstore/authtoken.go:55.2,55.20 1 1
github.com/anoobz/dualread/auth/internal/store/mockstore/authtoken.go:43.53,45.3 1 1
github.com/anoobz/dualread/auth/internal/store/mockstore/authtoken.go:48.71,49.37 1 1
github.com/anoobz/dualread/auth/internal/store/mockstore/authtoken.go:52.3,52.43 1 1
github.com/anoobz/dualread/auth/internal/store/mockstore/authtoken.go:49.37,50.9 1 1
github.com/anoobz/dualread/auth/internal/store/mockstore/authtoken.go:58.53,59.33 1 1
github.com/anoobz/dualread/auth/internal/store/mockstore/authtoken.go:66.2,66.23 1 0
github.com/anoobz/dualread/auth/internal/store/mockstore/authtoken.go:59.33,60.19 1 1
github.com/anoobz/dualread/auth/internal/store/mockstore/authtoken.go:60.19,63.4 2 1
github.com/anoobz/dualread/auth/internal/store/mockstore/store.go:10.32,15.2 1 1
github.com/anoobz/dualread/auth/internal/store/mockstore/store.go:17.43,19.2 1 1
github.com/anoobz/dualread/auth/internal/store/mockstore/store.go:21.53,23.2 1 1
github.com/anoobz/dualread/auth/internal/store/mockstore/testing.go:7.47,11.2 2 1
github.com/anoobz/dualread/auth/internal/store/mockstore/user.go:16.63,17.28 1 1
github.com/anoobz/dualread/auth/internal/store/mockstore/user.go:23.2,23.54 1 1
github.com/anoobz/dualread/auth/internal/store/mockstore/user.go:17.28,18.17 1 1
github.com/anoobz/dualread/auth/internal/store/mockstore/user.go:18.17,20.4 1 1
github.com/anoobz/dualread/auth/internal/store/mockstore/user.go:26.70,27.17 1 1
github.com/anoobz/dualread/auth/internal/store/mockstore/user.go:31.2,32.16 2 1
github.com/anoobz/dualread/auth/internal/store/mockstore/user.go:36.2,36.28 1 1
github.com/anoobz/dualread/auth/internal/store/mockstore/user.go:42.2,42.54 1 0
github.com/anoobz/dualread/auth/internal/store/mockstore/user.go:27.17,29.3 1 1
github.com/anoobz/dualread/auth/internal/store/mockstore/user.go:32.16,34.3 1 1
github.com/anoobz/dualread/auth/internal/store/mockstore/user.go:36.28,37.23 1 1
github.com/anoobz/dualread/auth/internal/store/mockstore/user.go:37.23,39.4 1 1
github.com/anoobz/dualread/auth/internal/store/mockstore/user.go:45.56,47.2 1 1
github.com/anoobz/dualread/auth/internal/store/mockstore/user.go:49.68,50.48 1 1
github.com/anoobz/dualread/auth/internal/store/mockstore/user.go:54.2,55.71 2 1
github.com/anoobz/dualread/auth/internal/store/mockstore/user.go:62.2,62.19 1 1
github.com/anoobz/dualread/auth/internal/store/mockstore/user.go:50.48,52.3 1 1
github.com/anoobz/dualread/auth/internal/store/mockstore/user.go:55.71,56.32 1 1
github.com/anoobz/dualread/auth/internal/store/mockstore/user.go:59.3,59.36 1 1
github.com/anoobz/dualread/auth/internal/store/mockstore/user.go:56.32,57.9 1 1
github.com/anoobz/dualread/auth/internal/store/mockstore/user.go:70.24,72.16 2 1
github.com/anoobz/dualread/auth/internal/store/mockstore/user.go:76.2,79.15 3 1
github.com/anoobz/dualread/auth/internal/store/mockstore/user.go:72.16,74.3 1 1
github.com/anoobz/dualread/auth/internal/store/mockstore/user.go:82.79,83.28 1 1
github.com/anoobz/dualread/auth/internal/store/mockstore/user.go:113.2,113.37 1 1
github.com/anoobz/dualread/auth/internal/store/mockstore/user.go:83.28,84.17 1 1
github.com/anoobz/dualread/auth/internal/store/mockstore/user.go:84.17,86.36 2 1
github.com/anoobz/dualread/auth/internal/store/mockstore/user.go:109.4,109.14 1 1
github.com/anoobz/dualread/auth/internal/store/mockstore/user.go:86.36,87.16 1 1
github.com/anoobz/dualread/auth/internal/store/mockstore/user.go:88.18,90.20 2 1
github.com/anoobz/dualread/auth/internal/store/mockstore/user.go:93.6,93.40 1 1
github.com/anoobz/dualread/auth/internal/store/mockstore/user.go:94.21,95.21 1 1
github.com/anoobz/dualread/auth/internal/store/mockstore/user.go:98.6,98.43 1 1
github.com/anoobz/dualread/auth/internal/store/mockstore/user.go:99.19,100.39 1 1
github.com/anoobz/dualread/auth/internal/store/mockstore/user.go:101.27,102.46 1 1
github.com/anoobz/dualread/auth/internal/store/mockstore/user.go:103.29,104.48 1 1
github.com/anoobz/dualread/auth/internal/store/mockstore/user.go:105.18,106.38 1 1
github.com/anoobz/dualread/auth/internal/store/mockstore/user.go:90.20,92.7 1 1
github.com/anoobz/dualread/auth/internal/store/mockstore/user.go:95.21,97.7 1 1
github.com/anoobz/dualread/auth/internal/store/mockstore/user.go:116.47,117.28 1 1
github.com/anoobz/dualread/auth/internal/store/mockstore/user.go:124.2,124.23 1 0
github.com/anoobz/dualread/auth/internal/store/mockstore/user.go:117.28,118.17 1 1
github.com/anoobz/dualread/auth/internal/store/mockstore/user.go:118.17,121.4 2 1
github.com/anoobz/dualread/auth/internal/httpserver/token.go:16.70,17.71 1 1
github.com/anoobz/dualread/auth/internal/httpserver/token.go:17.71,19.27 2 1
github.com/anoobz/dualread/auth/internal/httpserver/token.go:28.3,30.48 1 1
github.com/anoobz/dualread/auth/internal/httpserver/token.go:40.3,40.17 1 1
github.com/anoobz/dualread/auth/internal/httpserver/token.go:45.3,45.19 1 1
github.com/anoobz/dualread/auth/internal/httpserver/token.go:50.3,51.30 2 1
github.com/anoobz/dualread/auth/internal/httpserver/token.go:56.3,57.40 2 1
github.com/anoobz/dualread/auth/internal/httpserver/token.go:19.27,27.4 2 0
github.com/anoobz/dualread/auth/internal/httpserver/token.go:30.48,31.60 1 1
github.com/anoobz/dualread/auth/internal/httpserver/token.go:37.5,37.55 1 1
github.com/anoobz/dualread/auth/internal/httpserver/token.go:31.60,36.6 1 0
github.com/anoobz/dualread/auth/internal/httpserver/token.go:40.17,43.4 2 1
github.com/anoobz/dualread/auth/internal/httpserver/token.go:45.19,48.4 2 0
github.com/anoobz/dualread/auth/internal/httpserver/token.go:51.30,54.4 2 1
github.com/anoobz/dualread/auth/internal/httpserver/token.go:61.71,63.16 2 1
github.com/anoobz/dualread/auth/internal/httpserver/token.go:67.2,67.84 1 1
github.com/anoobz/dualread/auth/internal/httpserver/token.go:73.2,73.16 1 1
github.com/anoobz/dualread/auth/internal/httpserver/token.go:77.2,77.18 1 1
github.com/anoobz/dualread/auth/internal/httpserver/token.go:81.2,81.19 1 1
github.com/anoobz/dualread/auth/internal/httpserver/token.go:63.16,65.3 1 0
github.com/anoobz/dualread/auth/internal/httpserver/token.go:67.84,68.58 1 1
github.com/anoobz/dualread/auth/internal/httpserver/token.go:71.3,71.54 1 1
github.com/anoobz/dualread/auth/internal/httpserver/token.go:68.58,70.4 1 0
github.com/anoobz/dualread/auth/internal/httpserver/token.go:73.16,75.3 1 0
github.com/anoobz/dualread/auth/internal/httpserver/token.go:77.18,79.3 1 0
github.com/anoobz/dualread/auth/internal/httpserver/adminroutes.go:12.45,13.54 1 1
github.com/anoobz/dualread/auth/internal/httpserver/adminroutes.go:13.54,15.17 2 1
github.com/anoobz/dualread/auth/internal/httpserver/adminroutes.go:19.3,20.17 2 1
github.com/anoobz/dualread/auth/internal/httpserver/adminroutes.go:25.3,25.36 1 1
github.com/anoobz/dualread/auth/internal/httpserver/adminroutes.go:15.17,18.4 2 0
github.com/anoobz/dualread/auth/internal/httpserver/adminroutes.go:20.17,23.4 2 1
github.com/anoobz/dualread/auth/internal/httpserver/adminroutes.go:29.49,30.54 1 1
github.com/anoobz/dualread/auth/internal/httpserver/adminroutes.go:30.54,32.17 2 1
github.com/anoobz/dualread/auth/internal/httpserver/adminroutes.go:36.3,37.17 2 1
github.com/anoobz/dualread/auth/internal/httpserver/adminroutes.go:42.3,42.40 1 1
github.com/anoobz/dualread/auth/internal/httpserver/adminroutes.go:32.17,35.4 2 0
github.com/anoobz/dualread/auth/internal/httpserver/adminroutes.go:37.17,40.4 2 1
github.com/anoobz/dualread/auth/internal/httpserver/adminroutes.go:46.49,47.54 1 1
github.com/anoobz/dualread/auth/internal/httpserver/adminroutes.go:47.54,49.17 2 1
github.com/anoobz/dualread/auth/internal/httpserver/adminroutes.go:54.3,54.40 1 1
github.com/anoobz/dualread/auth/internal/httpserver/adminroutes.go:49.17,52.4 2 0
github.com/anoobz/dualread/auth/internal/httpserver/adminroutes.go:58.48,64.54 2 1
github.com/anoobz/dualread/auth/internal/httpserver/adminroutes.go:64.54,66.60 2 1
github.com/anoobz/dualread/auth/internal/httpserver/adminroutes.go:71.3,72.17 2 1
github.com/anoobz/dualread/auth/internal/httpserver/adminroutes.go:77.3,77.41 1 1
github.com/anoobz/dualread/auth/internal/httpserver/adminroutes.go:66.60,69.4 2 0
github.com/anoobz/dualread/auth/internal/httpserver/adminroutes.go:72.17,75.4 2 1
github.com/anoobz/dualread/auth/internal/httpserver/adminroutes.go:81.48,82.54 1 1
github.com/anoobz/dualread/auth/internal/httpserver/adminroutes.go:82.54,84.17 2 1
github.com/anoobz/dualread/auth/internal/httpserver/adminroutes.go:89.3,90.66 2 1
github.com/anoobz/dualread/auth/internal/httpserver/adminroutes.go:95.3,96.17 2 1
github.com/anoobz/dualread/auth/internal/httpserver/adminroutes.go:100.3,100.38 1 1
github.com/anoobz/dualread/auth/internal/httpserver/adminroutes.go:84.17,87.4 2 0
github.com/anoobz/dualread/auth/internal/httpserver/adminroutes.go:90.66,93.4 2 0
github.com/anoobz/dualread/auth/internal/httpserver/adminroutes.go:96.17,99.4 2 1
github.com/anoobz/dualread/auth/internal/httpserver/adminroutes.go:104.48,105.54 1 1
github.com/anoobz/dualread/auth/internal/httpserver/adminroutes.go:105.54,107.17 2 1
github.com/anoobz/dualread/auth/internal/httpserver/adminroutes.go:112.3,113.17 2 1
github.com/anoobz/dualread/auth/internal/httpserver/adminroutes.go:118.3,118.38 1 1
github.com/anoobz/dualread/auth/internal/httpserver/adminroutes.go:107.17,110.4 2 0
github.com/anoobz/dualread/auth/internal/httpserver/adminroutes.go:113.17,116.4 2 0
github.com/anoobz/dualread/auth/internal/httpserver/baseroutes.go:17.46,22.54 2 1
github.com/anoobz/dualread/auth/internal/httpserver/baseroutes.go:22.54,24.62 2 1
github.com/anoobz/dualread/auth/internal/httpserver/baseroutes.go:29.3,29.25 1 1
github.com/anoobz/dualread/auth/internal/httpserver/baseroutes.go:39.3,40.17 2 1
github.com/anoobz/dualread/auth/internal/httpserver/baseroutes.go:44.3,48.17 2 1
github.com/anoobz/dualread/auth/internal/httpserver/baseroutes.go:52.3,57.17 2 1
github.com/anoobz/dualread/auth/internal/httpserver/baseroutes.go:62.3,62.44 1 1
github.com/anoobz/dualread/auth/internal/httpserver/baseroutes.go:24.62,27.4 2 0
github.com/anoobz/dualread/auth/internal/httpserver/baseroutes.go:29.25,37.4 2 1
github.com/anoobz/dualread/auth/internal/httpserver/baseroutes.go:40.17,43.4 2 0
github.com/anoobz/dualread/auth/internal/httpserver/baseroutes.go:48.17,51.4 2 0
github.com/anoobz/dualread/auth/internal/httpserver/baseroutes.go:57.17,60.4 2 1
github.com/anoobz/dualread/auth/internal/httpserver/baseroutes.go:66.43,71.54 2 1
github.com/anoobz/dualread/auth/internal/httpserver/baseroutes.go:71.54,73.66 2 1
github.com/anoobz/dualread/auth/internal/httpserver/baseroutes.go:78.3,79.17 2 1
github.com/anoobz/dualread/auth/internal/httpserver/baseroutes.go:84.3,86.17 1 1
github.com/anoobz/dualread/auth/internal/httpserver/baseroutes.go:91.3,92.17 2 1
github.com/anoobz/dualread/auth/internal/httpserver/baseroutes.go:96.3,97.17 2 1
github.com/anoobz/dualread/auth/internal/httpserver/baseroutes.go:102.3,103.17 2 1
github.com/anoobz/dualread/auth/internal/httpserver/baseroutes.go:108.3,115.37 2 1
github.com/anoobz/dualread/auth/internal/httpserver/baseroutes.go:73.66,76.4 2 0
github.com/anoobz/dualread/auth/internal/httpserver/baseroutes.go:79.17,82.4 2 1
github.com/anoobz/dualread/auth/internal/httpserver/baseroutes.go:86.17,89.4 2 1
github.com/anoobz/dualread/auth/internal/httpserver/baseroutes.go:92.17,95.4 2 0
github.com/anoobz/dualread/auth/internal/httpserver/baseroutes.go:97.17,100.4 2 0
github.com/anoobz/dualread/auth/internal/httpserver/baseroutes.go:103.17,106.4 2 0
github.com/anoobz/dualread/auth/internal/httpserver/baseroutes.go:119.56,120.54 1 1
github.com/anoobz/dualread/auth/internal/httpserver/baseroutes.go:120.54,122.17 2 1
github.com/anoobz/dualread/auth/internal/httpserver/baseroutes.go:127.3,128.10 2 1
github.com/anoobz/dualread/auth/internal/httpserver/baseroutes.go:138.3,140.17 3 1
github.com/anoobz/dualread/auth/internal/httpserver/baseroutes.go:144.3,145.17 2 1
github.com/anoobz/dualread/auth/internal/httpserver/baseroutes.go:149.3,150.17 2 1
github.com/anoobz/dualread/auth/internal/httpserver/baseroutes.go:155.3,156.17 2 1
github.com/anoobz/dualread/auth/internal/httpserver/baseroutes.go:161.3,161.46 1 1
github.com/anoobz/dualread/auth/internal/httpserver/baseroutes.go:122.17,125.4 2 0
github.com/anoobz/dualread/auth/internal/httpserver/baseroutes.go:128.10,136.4 2 0
github.com/anoobz/dualread/auth/internal/httpserver/baseroutes.go:140.17,143.4 2 1
github.com/anoobz/dualread/auth/internal/httpserver/baseroutes.go:145.17,148.4 2 0
github.com/anoobz/dualread/auth/internal/httpserver/baseroutes.go:150.17,153.4 2 1
github.com/anoobz/dualread/auth/internal/httpserver/baseroutes.go:156.17,159.4 2 0
github.com/anoobz/dualread/auth/internal/httpserver/responsewriter.go:10.54,13.2 2 1
github.com/anoobz/dualread/auth/internal/httpserver/server.go:28.73,45.2 6 1
github.com/anoobz/dualread/auth/internal/httpserver/server.go:47.32,50.2 2 0
github.com/anoobz/dualread/auth/internal/httpserver/server.go:52.35,67.2 9 1
github.com/anoobz/dualread/auth/internal/httpserver/server.go:69.38,76.2 4 1
github.com/anoobz/dualread/auth/internal/httpserver/server.go:78.85,82.2 1 1
github.com/anoobz/dualread/auth/internal/httpserver/server.go:87.3,90.17 3 1
github.com/anoobz/dualread/auth/internal/httpserver/server.go:90.17,92.3 1 1
github.com/anoobz/dualread/auth/internal/httpserver/server.go:95.61,96.71 1 1
github.com/anoobz/dualread/auth/internal/httpserver/server.go:96.71,108.3 5 1
github.com/anoobz/dualread/auth/internal/httpserver/server.go:111.68,113.2 1 1
github.com/anoobz/dualread/auth/internal/httpserver/testing.go:23.46,27.2 2 1
github.com/anoobz/dualread/auth/internal/httpserver/testing.go:29.42,36.16 5 1
github.com/anoobz/dualread/auth/internal/httpserver/testing.go:40.2,40.39 1 1
github.com/anoobz/dualread/auth/internal/httpserver/testing.go:36.16,38.3 1 0
github.com/anoobz/dualread/auth/internal/httpserver/testing.go:43.84,47.2 2 1
github.com/anoobz/dualread/auth/internal/httpserver/testing.go:54.17,60.16 4 1
github.com/anoobz/dualread/auth/internal/httpserver/testing.go:64.2,64.12 1 1
github.com/anoobz/dualread/auth/internal/httpserver/testing.go:60.16,62.3 1 0
github.com/anoobz/dualread/auth/internal/httpserver/testing.go:67.80,72.47 2 1
github.com/anoobz/dualread/auth/internal/httpserver/testing.go:82.2,82.16 1 1
github.com/anoobz/dualread/auth/internal/httpserver/testing.go:86.2,86.21 1 1
github.com/anoobz/dualread/auth/internal/httpserver/testing.go:90.2,91.9 2 1
github.com/anoobz/dualread/auth/internal/httpserver/testing.go:95.2,96.16 2 1
github.com/anoobz/dualread/auth/internal/httpserver/testing.go:100.2,100.32 1 1
github.com/anoobz/dualread/auth/internal/httpserver/testing.go:72.47,73.59 1 1
github.com/anoobz/dualread/auth/internal/httpserver/testing.go:79.4,79.55 1 1
github.com/anoobz/dualread/auth/internal/httpserver/testing.go:73.59,78.5 1 0
github.com/anoobz/dualread/auth/internal/httpserver/testing.go:82.16,84.3 1 0
github.com/anoobz/dualread/auth/internal/httpserver/testing.go:86.21,88.3 1 0
github.com/anoobz/dualread/auth/internal/httpserver/testing.go:91.9,93.3 1 0
github.com/anoobz/dualread/auth/internal/httpserver/testing.go:96.16,98.3 1 0
github.com/anoobz/dualread/auth/internal/httpserver/testing.go:103.76,108.47 2 1
github.com/anoobz/dualread/auth/internal/httpserver/testing.go:118.2,118.16 1 1
github.com/anoobz/dualread/auth/internal/httpserver/testing.go:122.2,122.21 1 1
github.com/anoobz/dualread/auth/internal/httpserver/testing.go:126.2,127.9 2 1
github.com/anoobz/dualread/auth/internal/httpserver/testing.go:131.2,134.16 3 1
github.com/anoobz/dualread/auth/internal/httpserver/testing.go:108.47,109.59 1 1
github.com/anoobz/dualread/auth/internal/httpserver/testing.go:115.4,115.55 1 1
github.com/anoobz/dualread/auth/internal/httpserver/testing.go:109.59,114.5 1 0
github.com/anoobz/dualread/auth/internal/httpserver/testing.go:118.16,120.3 1 0
github.com/anoobz/dualread/auth/internal/httpserver/testing.go:122.21,124.3 1 0
github.com/anoobz/dualread/auth/internal/httpserver/testing.go:127.9,129.3 1 0
github.com/anoobz/dualread/auth/internal/httpserver/testing.go:134.16,136.3 1 0
github.com/anoobz/dualread/auth/internal/httpserver/testing.go:139.84,154.16 7 1
github.com/anoobz/dualread/auth/internal/httpserver/testing.go:158.2,158.24 1 1
github.com/anoobz/dualread/auth/internal/httpserver/testing.go:154.16,156.3 1 0
github.com/anoobz/dualread/auth/internal/store/psqlstore/store.go:18.13,23.2 1 1
github.com/anoobz/dualread/auth/internal/store/psqlstore/store.go:25.42,27.2 1 1
github.com/anoobz/dualread/auth/internal/store/psqlstore/store.go:29.52,31.2 1 1
github.com/anoobz/dualread/auth/internal/store/psqlstore/testing.go:14.65,28.16 4 1
github.com/anoobz/dualread/auth/internal/store/psqlstore/testing.go:32.2,36.39 3 1
github.com/anoobz/dualread/auth/internal/store/psqlstore/testing.go:28.16,30.3 1 0
github.com/anoobz/dualread/auth/internal/store/psqlstore/testing.go:36.39,37.22 1 1
github.com/anoobz/dualread/auth/internal/store/psqlstore/testing.go:43.3,43.13 1 1
github.com/anoobz/dualread/auth/internal/store/psqlstore/testing.go:37.22,38.101 1 1
github.com/anoobz/dualread/auth/internal/store/psqlstore/testing.go:38.101,40.5 1 0
github.com/anoobz/dualread/auth/internal/store/psqlstore/user.go:19.82,24.2 1 1
github.com/anoobz/dualread/auth/internal/store/psqlstore/user.go:26.62,31.16 3 1
github.com/anoobz/dualread/auth/internal/store/psqlstore/user.go:35.2,35.15 1 1
github.com/anoobz/dualread/auth/internal/store/psqlstore/user.go:31.16,33.3 1 1
github.com/anoobz/dualread/auth/internal/store/psqlstore/user.go:38.55,41.16 2 1
github.com/anoobz/dualread/auth/internal/store/psqlstore/user.go:44.2,47.18 3 1
github.com/anoobz/dualread/auth/internal/store/psqlstore/user.go:55.2,55.19 1 1
github.com/anoobz/dualread/auth/internal/store/psqlstore/user.go:41.16,43.3 1 0
github.com/anoobz/dualread/auth/internal/store/psqlstore/user.go:47.18,49.17 2 1
github.com/anoobz/dualread/auth/internal/store/psqlstore/user.go:52.3,52.27 1 1
github.com/anoobz/dualread/auth/internal/store/psqlstore/user.go:49.17,51.4 1 0
github.com/anoobz/dualread/auth/internal/store/psqlstore/user.go:58.69,60.16 2 1
github.com/anoobz/dualread/auth/internal/store/psqlstore/user.go:64.2,68.16 3 1
github.com/anoobz/dualread/auth/internal/store/psqlstore/user.go:72.2,72.15 1 1
github.com/anoobz/dualread/auth/internal/store/psqlstore/user.go:60.16,62.3 1 1
github.com/anoobz/dualread/auth/internal/store/psqlstore/user.go:68.16,70.3 1 0
github.com/anoobz/dualread/auth/internal/store/psqlstore/user.go:75.67,77.16 2 1
github.com/anoobz/dualread/auth/internal/store/psqlstore/user.go:80.2,83.18 3 1
github.com/anoobz/dualread/auth/internal/store/psqlstore/user.go:91.2,91.21 1 1
github.com/anoobz/dualread/auth/internal/store/psqlstore/user.go:95.2,95.19 1 1
github.com/anoobz/dualread/auth/internal/store/psqlstore/user.go:77.16,79.3 1 0
github.com/anoobz/dualread/auth/internal/store/psqlstore/user.go:83.18,85.17 2 1
github.com/anoobz/dualread/auth/internal/store/psqlstore/user.go:88.3,88.27 1 1
github.com/anoobz/dualread/auth/internal/store/psqlstore/user.go:85.17,87.4 1 0
github.com/anoobz/dualread/auth/internal/store/psqlstore/user.go:91.21,93.3 1 1
github.com/anoobz/dualread/auth/internal/store/psqlstore/user.go:103.24,105.16 2 1
github.com/anoobz/dualread/auth/internal/store/psqlstore/user.go:109.2,130.27 1 1
github.com/anoobz/dualread/auth/internal/store/psqlstore/user.go:134.2,134.15 1 1
github.com/anoobz/dualread/auth/internal/store/psqlstore/user.go:105.16,107.3 1 1
github.com/anoobz/dualread/auth/internal/store/psqlstore/user.go:130.27,132.3 1 0
github.com/anoobz/dualread/auth/internal/store/psqlstore/user.go:137.78,139.8 2 1
github.com/anoobz/dualread/auth/internal/store/psqlstore/user.go:145.2,146.8 2 1
github.com/anoobz/dualread/auth/internal/store/psqlstore/user.go:152.2,156.16 2 1
github.com/anoobz/dualread/auth/internal/store/psqlstore/user.go:160.2,161.16 2 1
github.com/anoobz/dualread/auth/internal/store/psqlstore/user.go:164.2,164.26 1 1
github.com/anoobz/dualread/auth/internal/store/psqlstore/user.go:167.2,167.12 1 1
github.com/anoobz/dualread/auth/internal/store/psqlstore/user.go:139.8,141.17 2 1
github.com/anoobz/dualread/auth/internal/store/psqlstore/user.go:141.17,143.4 1 1
github.com/anoobz/dualread/auth/internal/store/psqlstore/user.go:146.8,147.21 1 1
github.com/anoobz/dualread/auth/internal/store/psqlstore/user.go:147.21,149.4 1 1
github.com/anoobz/dualread/auth/internal/store/psqlstore/user.go:156.16,158.3 1 0
github.com/anoobz/dualread/auth/internal/store/psqlstore/user.go:161.16,163.3 1 0
github.com/anoobz/dualread/auth/internal/store/psqlstore/user.go:164.26,166.3 1 1
github.com/anoobz/dualread/auth/internal/store/psqlstore/user.go:170.46,172.16 2 1
github.com/anoobz/dualread/auth/internal/store/psqlstore/user.go:176.2,176.12 1 1
github.com/anoobz/dualread/auth/internal/store/psqlstore/user.go:172.16,174.3 1 0
github.com/anoobz/dualread/auth/internal/store/psqlstore/user.go:179.54,195.16 5 1
github.com/anoobz/dualread/auth/internal/store/psqlstore/user.go:199.2,203.15 4 1
github.com/anoobz/dualread/auth/internal/store/psqlstore/user.go:195.16,197.3 1 1
github.com/anoobz/dualread/auth/internal/store/psqlstore/authtoken.go:20.21,25.2 1 1
github.com/anoobz/dualread/auth/internal/store/psqlstore/authtoken.go:31.9,37.16 2 1
github.com/anoobz/dualread/auth/internal/store/psqlstore/authtoken.go:41.2,41.12 1 1
github.com/anoobz/dualread/auth/internal/store/psqlstore/authtoken.go:37.16,39.3 1 0
github.com/anoobz/dualread/auth/internal/store/psqlstore/authtoken.go:44.65,46.16 2 1
github.com/anoobz/dualread/auth/internal/store/psqlstore/authtoken.go:49.2,52.18 3 1
github.com/anoobz/dualread/auth/internal/store/psqlstore/authtoken.go:60.2,60.20 1 1
github.com/anoobz/dualread/auth/internal/store/psqlstore/authtoken.go:46.16,48.3 1 0
github.com/anoobz/dualread/auth/internal/store/psqlstore/authtoken.go:52.18,54.17 2 1
github.com/anoobz/dualread/auth/internal/store/psqlstore/authtoken.go:57.3,57.29 1 1
github.com/anoobz/dualread/auth/internal/store/psqlstore/authtoken.go:54.17,56.4 1 0
github.com/anoobz/dualread/auth/internal/store/psqlstore/authtoken.go:63.77,65.16 2 1
github.com/anoobz/dualread/auth/internal/store/psqlstore/authtoken.go:68.2,71.18 3 1
github.com/anoobz/dualread/auth/internal/store/psqlstore/authtoken.go:79.2,79.22 1 1
github.com/anoobz/dualread/auth/internal/store/psqlstore/authtoken.go:83.2,83.20 1 1
github.com/anoobz/dualread/auth/internal/store/psqlstore/authtoken.go:65.16,67.3 1 0
github.com/anoobz/dualread/auth/internal/store/psqlstore/authtoken.go:71.18,73.17 2 1
github.com/anoobz/dualread/auth/internal/store/psqlstore/authtoken.go:76.3,76.29 1 1
github.com/anoobz/dualread/auth/internal/store/psqlstore/authtoken.go:73.17,75.4 1 0
github.com/anoobz/dualread/auth/internal/store/psqlstore/authtoken.go:79.22,81.3 1 1
github.com/anoobz/dualread/auth/internal/store/psqlstore/authtoken.go:86.73,89.16 3 1
github.com/anoobz/dualread/auth/internal/store/psqlstore/authtoken.go:93.2,93.15 1 1
github.com/anoobz/dualread/auth/internal/store/psqlstore/authtoken.go:89.16,91.3 1 0
github.com/anoobz/dualread/auth/internal/store/psqlstore/authtoken.go:96.52,98.16 2 1
github.com/anoobz/dualread/auth/internal/store/psqlstore/authtoken.go:102.2,102.12 1 1
github.com/anoobz/dualread/auth/internal/store/psqlstore/authtoken.go:98.16,100.3 1 0
github.com/anoobz/dualread/auth/internal/store/psqlstore/authtoken.go:105.60,107.70 2 1
github.com/anoobz/dualread/auth/internal/store/psqlstore/authtoken.go:111.2,111.15 1 1
github.com/anoobz/dualread/auth/internal/store/psqlstore/authtoken.go:107.70,109.3 1 0
